=== RUNG 4a: source-closure build (resolver walks ProjectReference graph) ===
[closure] resolving graph for CardMatch.CardMatch ...
[resolve] target=CardMatch.CardMatch
[resolve] source closure (3): CardMatch.CardMatch, CardMatch.Utility, External.DOTween
[resolve] binary refs kept: 103 (install root: C:\Program Files\Unity\Hub\Editor\2022.3.50f1\Editor)
[closure] emitted props (head):
<Project>
  <PropertyGroup>
    <DefineConstants>UNITY_2022_3_50;UNITY_2022_3;UNITY_2022;UNITY_5_3_OR_NEWER;UNITY_5_4_OR_NEWER;UNITY_5_5_OR_NEWER;UNITY_5_6_OR_NEWER;UNITY_2017_1_OR_NEWER;UNITY_2017_2_OR_NEWER;UNITY_2017_3_OR_NEWER;UNITY_2017_4_OR_NEWER;UNITY_2018_1_OR_NEWER;UNITY_2018_2_OR_NEWER;UNITY_2018_3_OR_NEWER;UNITY_2018_4_OR_NEWER;UNITY_2019_1_OR_NEWER;UNITY_2019_2_OR_NEWER;UNITY_2019_3_OR_NEWER;UNITY_2019_4_OR_NEWER;UNITY_2020_1_OR_NEWER;UNITY_2020_2_OR_NEWER;UNITY_2020_3_OR_NEWER;UNITY_2021_1_OR_NEWER;UNITY_2021_2_OR_NEWER;UNITY_2021_3_OR_NEWER;UNITY_2022_1_OR_NEWER;UNITY_2022_2_OR_NEWER;UNITY_2022_3_OR_NEWER;PLATFORM_ARCH_64;UNITY_64;UNITY_INCLUDE_TESTS;ENABLE_AR;ENABLE_AUDIO;ENABLE_CACHING;ENABLE_CLOTH;ENABLE_EVENT_QUEUE;ENABLE_MICROPHONE;ENABLE_MULTIPLE_DISPLAYS;ENABLE_PHYSICS;ENABLE_TEXTURE_STREAMING;ENABLE_VIRTUALTEXTURING;ENABLE_LZMA;ENABLE_UNITYEVENTS;ENABLE_VR;ENABLE_WEBCAM;ENABLE_UNITYWEBREQUEST;ENABLE_WWW;ENABLE_CLOUD_SERVICES;ENABLE_CLOUD_SERVICES_ADS;ENABLE_CLOUD_SERVICES_USE_WEBREQUEST;ENABLE_CLOUD_SERVICES_CRASH_REPORTING;ENABLE_CLOUD_SERVICES_PURCHASING;ENABLE_CLOUD_SERVICES_ANALYTICS;ENABLE_CLOUD_SERVICES_BUILD;ENABLE_EDITOR_GAME_SERVICES;ENABLE_UNITY_GAME_SERVICES_ANALYTICS_SUPPORT;ENABLE_CLOUD_LICENSE;ENABLE_EDITOR_HUB_LICENSE;ENABLE_WEBSOCKET_CLIENT;ENABLE_GENERATE_NATIVE_PLUGINS_FOR_ASSEMBLIES_API;ENABLE_DIRECTOR_AUDIO;ENABLE_DIRECTOR_TEXTURE;ENABLE_MANAGED_JOBS;ENABLE_MANAGED_TRANSFORM_JOBS;ENABLE_MANAGED_ANIMATION_JOBS;ENABLE_MANAGED_AUDIO_JOBS;ENABLE_MANAGED_UNITYTLS;INCLUDE_DYNAMIC_GI;ENABLE_SCRIPTING_GC_WBARRIERS;PLATFORM_SUPPORTS_MONO;RENDER_SOFTWARE_CURSOR;ENABLE_VIDEO;ENABLE_ACCELERATOR_CLIENT_DEBUGGING;ENABLE_NAVIGATION_PACKAGE_DEBUG_VISUALIZATION;ENABLE_NAVIGATION_HEIGHTMESH_RUNTIME_SUPPORT;ENABLE_NAVIGATION_UI_REQUIRES_PACKAGE;PLATFORM_STANDALONE;TEXTCORE_1_0_OR_NEWER;PLATFORM_STANDALONE_WIN;UNITY_STANDALONE_WIN;UNITY_STANDALONE;ENABLE_RUNTIME_GI;ENABLE_MOVIES;ENABLE_NETWORK;ENABLE_NVIDIA;ENABLE_CRUNCH_TEXTURE_COMPRESSION;ENABLE_OUT_OF_PROCESS_CRASH_HANDLER;ENABLE_CLUSTER_SYNC;ENABLE_CLUSTERINPUT;PLATFORM_UPDATES_TIME_OUTSIDE_OF_PLAYER_LOOP;GFXDEVICE_WAITFOREVENT_MESSAGEPUMP;PLATFORM_INITIALIZES_MEMORY_MANAGER_EXPLICITLY;ENABLE_MONO;NET_STANDARD_2_0;NET_STANDARD;NET_STANDARD_2_1;NETSTANDARD;NETSTANDARD2_1;ENABLE_PROFILER;DEBUG;TRACE;UNITY_ASSERTIONS;UNITY_EDITOR;UNITY_EDITOR_64;UNITY_EDITOR_WIN;ENABLE_UNITY_COLLECTIONS_CHECKS;ENABLE_BURST_AOT;UNITY_TEAM_LICENSE;ENABLE_CUSTOM_RENDER_TEXTURE;ENABLE_DIRECTOR;ENABLE_LOCALIZATION;ENABLE_SPRITES;ENABLE_TERRAIN;ENABLE_TILEMAP;ENABLE_TIMELINE;ENABLE_LEGACY_INPUT_MANAGER;TEXTCORE_FONT_ENGINE_1_5_OR_NEWER;DOTWEEN;CSHARP_7_OR_LATER;CSHARP_7_3_OR_NEWER;$(ExtraDefines)</DefineConstants>
  </PropertyGroup>
  <ItemGroup>
    <Compile Include="/project/Assets/Scripts/CardMatch/Runtime/**/*.cs" />
    <Compile Include="/project/Assets/Scripts/Utility/**/*.cs" />
    <Compile Include="/project/Assets/Plugins/Demigiant/DOTween/**/*.cs" />
    <Reference Include="DOTween" Private="false"><HintPath>/project/Assets/Plugins/Demigiant/DOTween/DOTween.dll</HintPath></Reference>
    <Reference Include="DOTweenEditor" Private="false"><HintPath>/project/Assets/Plugins/Demigiant/DOTween/Editor/DOTweenEditor.dll</HintPath></Reference>
    <Reference Include="log4netPlastic" Private="false"><HintPath>/project/Library/PackageCache/com.unity.collab-proxy@2.5.2/Lib/Editor/PlasticSCM/log4netPlastic.dll</HintPath></Reference>
    <Reference Include="Unity.Plastic.Antlr3.Runtime" Private="false"><HintPath>/project/Library/PackageCache/com.unity.collab-proxy@2.5.2/Lib/Editor/PlasticSCM/Unity.Plastic.Antlr3.Runtime.dll</HintPath></Reference>
    <Reference Include="Unity.Plastic.Newtonsoft.Json" Private="false"><HintPath>/project/Library/PackageCache/com.unity.collab-proxy@2.5.2/Lib/Editor/PlasticSCM/Unity.Plastic.Newtonsoft.Json.dll</HintPath></Reference>
    <Reference Include="unityplastic" Private="false"><HintPath>/project/Library/PackageCache/com.unity.collab-proxy@2.5.2/Lib/Editor/PlasticSCM/unityplastic.dll</HintPath></Reference>
    <Reference Include="Unity.Collections.LowLevel.ILSupport" Private="false"><HintPath>/project/Library/PackageCache/com.unity.collections@1.2.4/Unity.Collections.LowLevel.ILSupport/Unity.Collections.LowLevel.ILSupport.dll</HintPath></Reference>
    <Reference Include="Newtonsoft.Json" Private="false"><HintPath>/project/Library/PackageCache/com.unity.nuget.newtonsoft-json@3.2.2/Runtime/Newtonsoft.Json.dll</HintPath></Reference>
    <Reference Include="Unity.VisualScripting.IonicZip" Private="false"><HintPath>/project/Library/PackageCache/com.unity.visualscripting@1.9.4/Editor/VisualScripting.Core/Dependencies/DotNetZip/Unity.VisualScripting.IonicZip.dll</HintPath></Reference>
    <Reference Include="Unity.VisualScripting.YamlDotNet" Private="false"><HintPath>/project/Library/PackageCache/com.unity.visualscripting@1.9.4/Editor/VisualScripting.Core/Dependencies/YamlDotNet/Unity.VisualScripting.YamlDotNet.dll</HintPath></Reference>
    <Reference Include="Unity.VisualScripting.TextureAssets" Private="false"><HintPath>/project/Library/PackageCache/com.unity.visualscripting@1.9.4/Editor/VisualScripting.Core/EditorAssetResources/Unity.VisualScripting.TextureAssets.dll</HintPath></Reference>
    <Reference Include="Unity.VisualScripting.Antlr3.Runtime" Private="false"><HintPath>/project/Library/PackageCache/com.unity.visualscripting@1.9.4/Runtime/VisualScripting.Flow/Dependencies/NCalc/Unity.VisualScripting.Antlr3.Runtime.dll</HintPath></Reference>
    <Reference Include="UnityEditor.UI" Private="false"><HintPath>/project/Library/ScriptAssemblies/UnityEditor.UI.dll</HintPath></Reference>
    <Reference Include="UnityEngine.UI" Private="false"><HintPath>/project/Library/ScriptAssemblies/UnityEngine.UI.dll</HintPath></Reference>
    <Reference Include="UnityEditor.Graphs" Private="false"><HintPath>/unity-editor/Data/Managed/UnityEditor.Graphs.dll</HintPath></Reference>
    <Reference Include="UnityEditor.CoreModule" Private="false"><HintPath>/unity-editor/Data/Managed/UnityEngine/UnityEditor.CoreModule.dll</HintPath></Reference>
    <Reference Include="UnityEditor.DeviceSimulatorModule" Private="false"><HintPath>/unity-editor/Data/Managed/UnityEngine/UnityEditor.DeviceSimulatorModule.dll</HintPath></Reference>
    <Reference Include="UnityEditor.DiagnosticsModule" Private="false"><HintPath>/unity-editor/Data/Managed/UnityEngine/UnityEditor.DiagnosticsModule.dll</HintPath></Reference>
    <Reference Include="UnityEditor" Private="false"><HintPath>/unity-editor/Data/Managed/UnityEngine/UnityEditor.dll</HintPath></Reference>
    <Reference Include="UnityEditor.EditorToolbarModule" Private="false"><HintPath>/unity-editor/Data/Managed/UnityEngine/UnityEditor.EditorToolbarModule.dll</HintPath></Reference>
    <Reference Include="UnityEditor.GraphViewModule" Private="false"><HintPath>/unity-editor/Data/Managed/UnityEngine/UnityEditor.GraphViewModule.dll</HintPath></Reference>
    <Reference Include="UnityEditor.PresetsUIModule" Private="false"><HintPath>/unity-editor/Data/Managed/UnityEngine/UnityEditor.PresetsUIModule.dll</HintPath></Reference>
    <Reference Include="UnityEditor.QuickSearchModule" Private="false"><HintPath>/unity-editor/Data/Managed/UnityEngine/UnityEditor.QuickSearchModule.dll</HintPath></Reference>
    <Reference Include="UnityEditor.SceneTemplateModule" Private="false"><HintPath>/unity-editor/Data/Managed/UnityEngine/UnityEditor.SceneTemplateModule.dll</HintPath></Reference>
    <Reference Include="UnityEditor.SceneViewModule" Private="false"><HintPath>/unity-editor/Data/Managed/UnityEngine/UnityEditor.SceneViewModule.dll</HintPath></Reference>
    <Reference Include="UnityEditor.TextCoreFontEngineModule" Private="false"><HintPath>/unity-editor/Data/Managed/UnityEngine/UnityEditor.TextCoreFontEngineModule.dll</HintPath></Reference>
    <Reference Include="UnityEditor.TextCoreTextEngineModule" Private="false"><HintPath>/unity-editor/Data/Managed/UnityEngine/UnityEditor.TextCoreTextEngineModule.dll</HintPath></Reference>
    <Reference Include="UnityEditor.UIBuilderModule" Private="false"><HintPath>/unity-editor/Data/Managed/UnityEngine/UnityEditor.UIBuilderModule.dll</HintPath></Reference>
    <Reference Include="UnityEditor.UIElementsModule" Private="false"><HintPath>/unity-editor/Data/Managed/UnityEngine/UnityEditor.UIElementsModule.dll</HintPath></Reference>
    <Reference Include="UnityEditor.UIElementsSamplesModule" Private="false"><HintPath>/unity-editor/Data/Managed/UnityEngine/UnityEditor.UIElementsSamplesModule.dll</HintPath></Reference>
    <Reference Include="UnityEditor.UnityConnectModule" Private="false"><HintPath>/unity-editor/Data/Managed/UnityEngine/UnityEditor.UnityConnectModule.dll</HintPath></Reference>
    <Reference Include="UnityEngine.AccessibilityModule" Private="false"><HintPath>/unity-editor/Data/Managed/UnityEngine/UnityEngine.AccessibilityModule.dll</HintPath></Reference>
[closure] building ...
  Determining projects to restore...
  Restored /tmp/closure-CardMatch.CardMatch/build/CardMatch.CardMatch.csproj (in 3.67 sec).
  CardMatch.CardMatch -> /tmp/closure-CardMatch.CardMatch/build/bin/Debug/CardMatch.CardMatch.dll

Build succeeded.
    0 Warning(s)
    0 Error(s)

Time Elapsed 00:00:07.23
