=== RUNG 1: compile-check without Unity (U3) — iterate via mounted DLLs ===
Unable to find image 'mcr.microsoft.com/dotnet/sdk:10.0' locally
10.0: Pulling from dotnet/sdk
cb259a83ac3d: Pulling fs layer
a0489bf764ea: Pulling fs layer
995fee283d28: Pulling fs layer
01a6e70bac15: Pulling fs layer
ff73fa535b6d: Pulling fs layer
e811eee7b15b: Pulling fs layer
e46b7fd4cb80: Pulling fs layer
0e9914cbc886: Pulling fs layer
5f8bd1ac25dc: Pulling fs layer
afe634a74685: Pulling fs layer
a0489bf764ea: Download complete
01a6e70bac15: Download complete
afe634a74685: Download complete
0e9914cbc886: Download complete
e46b7fd4cb80: Download complete
ff73fa535b6d: Download complete
995fee283d28: Download complete
cb259a83ac3d: Download complete
cb259a83ac3d: Pull complete
01a6e70bac15: Pull complete
995fee283d28: Pull complete
e811eee7b15b: Download complete
a0489bf764ea: Pull complete
e811eee7b15b: Pull complete
e46b7fd4cb80: Pull complete
0e9914cbc886: Pull complete
5f8bd1ac25dc: Download complete
afe634a74685: Pull complete
5f8bd1ac25dc: Pull complete
ff73fa535b6d: Pull complete
Digest: sha256:548d93f8a18a1acbe6cc127bc4f47281430d34a9e35c18afa80a8d6741c2adc3
Status: Downloaded newer image for mcr.microsoft.com/dotnet/sdk:10.0
[build] asm=CardMatch.Audio
[build] unity refs: /unity-refs/UnityEngine (87 dlls)
[build] unity editor present? no
[build] src files:
/project/Assets/Scripts/Audio/Runtime/Contracts/IAudioService.cs
/project/Assets/Scripts/Audio/Runtime/Implementation/AudioService.cs
/project/Assets/Scripts/Audio/Runtime/Implementation/ButtonSoundPlayer.cs
/project/Assets/Scripts/Audio/Runtime/Implementation/ToggleSoundPlayer.cs
  Determining projects to restore...
  Restored /tmp/build-CardMatch.Audio/CardMatch.Audio.csproj (in 5.45 sec).
/project/Assets/Scripts/Audio/Runtime/Implementation/ButtonSoundPlayer.cs(2,19): error CS0234: The type or namespace name 'EventSystems' does not exist in the namespace 'UnityEngine' (are you missing an assembly reference?) [/tmp/build-CardMatch.Audio/CardMatch.Audio.csproj]
/project/Assets/Scripts/Audio/Runtime/Implementation/ButtonSoundPlayer.cs(3,19): error CS0234: The type or namespace name 'UI' does not exist in the namespace 'UnityEngine' (are you missing an assembly reference?) [/tmp/build-CardMatch.Audio/CardMatch.Audio.csproj]
/project/Assets/Scripts/Audio/Runtime/Implementation/ToggleSoundPlayer.cs(2,19): error CS0234: The type or namespace name 'EventSystems' does not exist in the namespace 'UnityEngine' (are you missing an assembly reference?) [/tmp/build-CardMatch.Audio/CardMatch.Audio.csproj]
/project/Assets/Scripts/Audio/Runtime/Implementation/ToggleSoundPlayer.cs(3,19): error CS0234: The type or namespace name 'UI' does not exist in the namespace 'UnityEngine' (are you missing an assembly reference?) [/tmp/build-CardMatch.Audio/CardMatch.Audio.csproj]
/project/Assets/Scripts/Audio/Runtime/Implementation/ButtonSoundPlayer.cs(8,53): error CS0246: The type or namespace name 'IPointerEnterHandler' could not be found (are you missing a using directive or an assembly reference?) [/tmp/build-CardMatch.Audio/CardMatch.Audio.csproj]
/project/Assets/Scripts/Audio/Runtime/Implementation/ButtonSoundPlayer.cs(8,75): error CS0246: The type or namespace name 'IPointerDownHandler' could not be found (are you missing a using directive or an assembly reference?) [/tmp/build-CardMatch.Audio/CardMatch.Audio.csproj]
/project/Assets/Scripts/Audio/Runtime/Implementation/ToggleSoundPlayer.cs(8,53): error CS0246: The type or namespace name 'IPointerEnterHandler' could not be found (are you missing a using directive or an assembly reference?) [/tmp/build-CardMatch.Audio/CardMatch.Audio.csproj]
/project/Assets/Scripts/Audio/Runtime/Implementation/ToggleSoundPlayer.cs(7,30): error CS0246: The type or namespace name 'Toggle' could not be found (are you missing a using directive or an assembly reference?) [/tmp/build-CardMatch.Audio/CardMatch.Audio.csproj]
/project/Assets/Scripts/Audio/Runtime/Implementation/ButtonSoundPlayer.cs(7,30): error CS0246: The type or namespace name 'Button' could not be found (are you missing a using directive or an assembly reference?) [/tmp/build-CardMatch.Audio/CardMatch.Audio.csproj]
/project/Assets/Scripts/Audio/Runtime/Implementation/ButtonSoundPlayer.cs(28,36): error CS0246: The type or namespace name 'PointerEventData' could not be found (are you missing a using directive or an assembly reference?) [/tmp/build-CardMatch.Audio/CardMatch.Audio.csproj]
/project/Assets/Scripts/Audio/Runtime/Implementation/ToggleSoundPlayer.cs(36,36): error CS0246: The type or namespace name 'PointerEventData' could not be found (are you missing a using directive or an assembly reference?) [/tmp/build-CardMatch.Audio/CardMatch.Audio.csproj]
/project/Assets/Scripts/Audio/Runtime/Implementation/ButtonSoundPlayer.cs(34,35): error CS0246: The type or namespace name 'PointerEventData' could not be found (are you missing a using directive or an assembly reference?) [/tmp/build-CardMatch.Audio/CardMatch.Audio.csproj]
/project/Assets/Scripts/Audio/Runtime/Implementation/ToggleSoundPlayer.cs(15,17): error CS0246: The type or namespace name 'Toggle' could not be found (are you missing a using directive or an assembly reference?) [/tmp/build-CardMatch.Audio/CardMatch.Audio.csproj]

Build FAILED.

/project/Assets/Scripts/Audio/Runtime/Implementation/ButtonSoundPlayer.cs(2,19): error CS0234: The type or namespace name 'EventSystems' does not exist in the namespace 'UnityEngine' (are you missing an assembly reference?) [/tmp/build-CardMatch.Audio/CardMatch.Audio.csproj]
/project/Assets/Scripts/Audio/Runtime/Implementation/ButtonSoundPlayer.cs(3,19): error CS0234: The type or namespace name 'UI' does not exist in the namespace 'UnityEngine' (are you missing an assembly reference?) [/tmp/build-CardMatch.Audio/CardMatch.Audio.csproj]
/project/Assets/Scripts/Audio/Runtime/Implementation/ToggleSoundPlayer.cs(2,19): error CS0234: The type or namespace name 'EventSystems' does not exist in the namespace 'UnityEngine' (are you missing an assembly reference?) [/tmp/build-CardMatch.Audio/CardMatch.Audio.csproj]
/project/Assets/Scripts/Audio/Runtime/Implementation/ToggleSoundPlayer.cs(3,19): error CS0234: The type or namespace name 'UI' does not exist in the namespace 'UnityEngine' (are you missing an assembly reference?) [/tmp/build-CardMatch.Audio/CardMatch.Audio.csproj]
/project/Assets/Scripts/Audio/Runtime/Implementation/ButtonSoundPlayer.cs(8,53): error CS0246: The type or namespace name 'IPointerEnterHandler' could not be found (are you missing a using directive or an assembly reference?) [/tmp/build-CardMatch.Audio/CardMatch.Audio.csproj]
/project/Assets/Scripts/Audio/Runtime/Implementation/ButtonSoundPlayer.cs(8,75): error CS0246: The type or namespace name 'IPointerDownHandler' could not be found (are you missing a using directive or an assembly reference?) [/tmp/build-CardMatch.Audio/CardMatch.Audio.csproj]
/project/Assets/Scripts/Audio/Runtime/Implementation/ToggleSoundPlayer.cs(8,53): error CS0246: The type or namespace name 'IPointerEnterHandler' could not be found (are you missing a using directive or an assembly reference?) [/tmp/build-CardMatch.Audio/CardMatch.Audio.csproj]
/project/Assets/Scripts/Audio/Runtime/Implementation/ToggleSoundPlayer.cs(7,30): error CS0246: The type or namespace name 'Toggle' could not be found (are you missing a using directive or an assembly reference?) [/tmp/build-CardMatch.Audio/CardMatch.Audio.csproj]
/project/Assets/Scripts/Audio/Runtime/Implementation/ButtonSoundPlayer.cs(7,30): error CS0246: The type or namespace name 'Button' could not be found (are you missing a using directive or an assembly reference?) [/tmp/build-CardMatch.Audio/CardMatch.Audio.csproj]
/project/Assets/Scripts/Audio/Runtime/Implementation/ButtonSoundPlayer.cs(28,36): error CS0246: The type or namespace name 'PointerEventData' could not be found (are you missing a using directive or an assembly reference?) [/tmp/build-CardMatch.Audio/CardMatch.Audio.csproj]
/project/Assets/Scripts/Audio/Runtime/Implementation/ToggleSoundPlayer.cs(36,36): error CS0246: The type or namespace name 'PointerEventData' could not be found (are you missing a using directive or an assembly reference?) [/tmp/build-CardMatch.Audio/CardMatch.Audio.csproj]
/project/Assets/Scripts/Audio/Runtime/Implementation/ButtonSoundPlayer.cs(34,35): error CS0246: The type or namespace name 'PointerEventData' could not be found (are you missing a using directive or an assembly reference?) [/tmp/build-CardMatch.Audio/CardMatch.Audio.csproj]
/project/Assets/Scripts/Audio/Runtime/Implementation/ToggleSoundPlayer.cs(15,17): error CS0246: The type or namespace name 'Toggle' could not be found (are you missing a using directive or an assembly reference?) [/tmp/build-CardMatch.Audio/CardMatch.Audio.csproj]
    0 Warning(s)
    13 Error(s)

Time Elapsed 00:00:07.82
=== RUNG 1 retry: engine DLLs + project ScriptAssemblies ===
[build] asm=CardMatch.Audio
[build] unity refs: /unity-refs/UnityEngine (87 dlls)
[build] unity editor present? no
[build] src files:
/project/Assets/Scripts/Audio/Runtime/Contracts/IAudioService.cs
/project/Assets/Scripts/Audio/Runtime/Implementation/AudioService.cs
/project/Assets/Scripts/Audio/Runtime/Implementation/ButtonSoundPlayer.cs
/project/Assets/Scripts/Audio/Runtime/Implementation/ToggleSoundPlayer.cs
  Determining projects to restore...
  Restored /tmp/build-CardMatch.Audio/CardMatch.Audio.csproj (in 4.53 sec).
/project/Assets/Scripts/Audio/Runtime/Implementation/ToggleSoundPlayer.cs(13,47): warning CS0649: Field 'ToggleSoundPlayer.audioService' is never assigned to, and will always have its default value null [/tmp/build-CardMatch.Audio/CardMatch.Audio.csproj]
/project/Assets/Scripts/Audio/Runtime/Implementation/ToggleSoundPlayer.cs(10,44): warning CS0649: Field 'ToggleSoundPlayer.hoverClip' is never assigned to, and will always have its default value null [/tmp/build-CardMatch.Audio/CardMatch.Audio.csproj]
/project/Assets/Scripts/Audio/Runtime/Implementation/ToggleSoundPlayer.cs(12,44): warning CS0649: Field 'ToggleSoundPlayer.toggleOffClip' is never assigned to, and will always have its default value null [/tmp/build-CardMatch.Audio/CardMatch.Audio.csproj]
/project/Assets/Scripts/Audio/Runtime/Implementation/AudioService.cs(8,46): warning CS0649: Field 'AudioService.sfxSource' is never assigned to, and will always have its default value null [/tmp/build-CardMatch.Audio/CardMatch.Audio.csproj]
/project/Assets/Scripts/Audio/Runtime/Implementation/ButtonSoundPlayer.cs(11,44): warning CS0649: Field 'ButtonSoundPlayer.hoverClip' is never assigned to, and will always have its default value null [/tmp/build-CardMatch.Audio/CardMatch.Audio.csproj]
/project/Assets/Scripts/Audio/Runtime/Implementation/ButtonSoundPlayer.cs(10,44): warning CS0649: Field 'ButtonSoundPlayer.enableClip' is never assigned to, and will always have its default value null [/tmp/build-CardMatch.Audio/CardMatch.Audio.csproj]
/project/Assets/Scripts/Audio/Runtime/Implementation/ButtonSoundPlayer.cs(12,44): warning CS0649: Field 'ButtonSoundPlayer.clickClip' is never assigned to, and will always have its default value null [/tmp/build-CardMatch.Audio/CardMatch.Audio.csproj]
/project/Assets/Scripts/Audio/Runtime/Implementation/ToggleSoundPlayer.cs(11,44): warning CS0649: Field 'ToggleSoundPlayer.toggleOnClip' is never assigned to, and will always have its default value null [/tmp/build-CardMatch.Audio/CardMatch.Audio.csproj]
  CardMatch.Audio -> /tmp/build-CardMatch.Audio/bin/Debug/CardMatch.Audio.dll

Build succeeded.

/project/Assets/Scripts/Audio/Runtime/Implementation/ToggleSoundPlayer.cs(13,47): warning CS0649: Field 'ToggleSoundPlayer.audioService' is never assigned to, and will always have its default value null [/tmp/build-CardMatch.Audio/CardMatch.Audio.csproj]
/project/Assets/Scripts/Audio/Runtime/Implementation/ToggleSoundPlayer.cs(10,44): warning CS0649: Field 'ToggleSoundPlayer.hoverClip' is never assigned to, and will always have its default value null [/tmp/build-CardMatch.Audio/CardMatch.Audio.csproj]
/project/Assets/Scripts/Audio/Runtime/Implementation/ToggleSoundPlayer.cs(12,44): warning CS0649: Field 'ToggleSoundPlayer.toggleOffClip' is never assigned to, and will always have its default value null [/tmp/build-CardMatch.Audio/CardMatch.Audio.csproj]
/project/Assets/Scripts/Audio/Runtime/Implementation/AudioService.cs(8,46): warning CS0649: Field 'AudioService.sfxSource' is never assigned to, and will always have its default value null [/tmp/build-CardMatch.Audio/CardMatch.Audio.csproj]
/project/Assets/Scripts/Audio/Runtime/Implementation/ButtonSoundPlayer.cs(11,44): warning CS0649: Field 'ButtonSoundPlayer.hoverClip' is never assigned to, and will always have its default value null [/tmp/build-CardMatch.Audio/CardMatch.Audio.csproj]
/project/Assets/Scripts/Audio/Runtime/Implementation/ButtonSoundPlayer.cs(10,44): warning CS0649: Field 'ButtonSoundPlayer.enableClip' is never assigned to, and will always have its default value null [/tmp/build-CardMatch.Audio/CardMatch.Audio.csproj]
/project/Assets/Scripts/Audio/Runtime/Implementation/ButtonSoundPlayer.cs(12,44): warning CS0649: Field 'ButtonSoundPlayer.clickClip' is never assigned to, and will always have its default value null [/tmp/build-CardMatch.Audio/CardMatch.Audio.csproj]
/project/Assets/Scripts/Audio/Runtime/Implementation/ToggleSoundPlayer.cs(11,44): warning CS0649: Field 'ToggleSoundPlayer.toggleOnClip' is never assigned to, and will always have its default value null [/tmp/build-CardMatch.Audio/CardMatch.Audio.csproj]
    8 Warning(s)
    0 Error(s)

Time Elapsed 00:00:08.88
